<?xml version="1.0" encoding="UTF-8"?>
<!-- Generated by org.testng.reporters.JUnitXMLReporter -->
<testsuite ignored="0" hostname="DESKTOP-KE6NQ7O" failures="1" tests="2" name="chrometest" time="6.924" errors="0" timestamp="2025-08-27T12:00:45 IST">
  <testcase classname="testscript.HomePageTest" name="VerifytheUsercanAbleToLogout" time="1.974">
    <failure type="java.lang.AssertionError" message="title mismatch expected [Login | 7rmart supermarket] but found [Login | 7RMartSuperMarket]">
      <![CDATA[java.lang.AssertionError: title mismatch expected [Login | 7rmart supermarket] but found [Login | 7RMartSuperMarket]
at testscript.HomePageTest.VerifytheUsercanAbleToLogout(HomePageTest.java:32)
at java.base/java.util.concurrent.Executors$RunnableAdapter.call(Executors.java:572)
at java.base/java.util.concurrent.FutureTask.run(FutureTask.java:317)
at java.base/java.util.concurrent.ThreadPoolExecutor.runWorker(ThreadPoolExecutor.java:1144)
at java.base/java.util.concurrent.ThreadPoolExecutor$Worker.run(ThreadPoolExecutor.java:642)
at java.base/java.lang.Thread.run(Thread.java:1583)
... Removed 16 stack frames]]>
    </failure>
  </testcase> <!-- VerifytheUsercanAbleToLogout -->
  <testcase classname="testscript.AdminUserTest" name="verifyTheUserIsAbleToSignInWithCorrectUsernameandCorrectPasswordClickMoreinfoandLogout" time="3.947"/>
</testsuite> <!-- chrometest -->
