<?xml version="1.0" encoding="UTF-8"?>
<!-- Generated by org.testng.reporters.JUnitXMLReporter -->
<testsuite ignored="0" hostname="DESKTOP-KE6NQ7O" failures="1" tests="1" name="chrometest" time="6.008" errors="0" timestamp="2025-09-08T11:39:03 IST">
  <testcase classname="testscript.ManageNewsTest" name="verifyTheUserIsAbleToClickManageNewsandPrintNews" time="2.762">
    <failure type="java.lang.IllegalStateException" message="Cannot get a NUMERIC value from a STRING cell">
      <![CDATA[java.lang.IllegalStateException: Cannot get a NUMERIC value from a STRING cell
at org.apache.poi.xssf.usermodel.XSSFCell.typeMismatch(XSSFCell.java:987)
at org.apache.poi.xssf.usermodel.XSSFCell.getNumericCellValue(XSSFCell.java:260)
at utilities.ExcelUtility.getIntegerData(ExcelUtility.java:34)
at testscript.ManageNewsTest.verifyTheUserIsAbleToClickManageNewsandPrintNews(ManageNewsTest.java:26)
at java.base/java.util.ArrayList.forEach(ArrayList.java:1511)
... Removed 27 stack frames]]>
    </failure>
  </testcase> <!-- verifyTheUserIsAbleToClickManageNewsandPrintNews -->
</testsuite> <!-- chrometest -->
