<?xml version="1.0" encoding="UTF-8"?>
<!-- Generated by org.testng.reporters.JUnitXMLReporter -->
<testsuite ignored="0" hostname="DESKTOP-KE6NQ7O" failures="1" tests="1" name="edgetest" time="0.005" errors="0" timestamp="2025-09-02T12:52:12 IST">
  <testcase classname="testscript.HomePageTest" name="VerifytheUsercanAbleToLogout" time="0.0">
    <failure type="org.testng.TestNGException" message="
Parameter &amp;apos;username&amp;apos; is required by @Test on method VerifytheUsercanAbleToLogout but has not been marked @Optional or defined
in C:\Users\akhil\eclipse-workspace\7RMartSuperMarket\crossbrowser.xml">
      <![CDATA[org.testng.TestNGException: 
Parameter 'username' is required by @Test on method VerifytheUsercanAbleToLogout but has not been marked @Optional or defined
in C:\Users\akhil\eclipse-workspace\7RMartSuperMarket\crossbrowser.xml
at java.base/java.util.ArrayList.forEach(ArrayList.java:1511)
... Removed 26 stack frames]]>
    </failure>
  </testcase> <!-- VerifytheUsercanAbleToLogout -->
</testsuite> <!-- edgetest -->
