<?xml version="1.0" encoding="UTF-8"?>
<!-- Generated by org.testng.reporters.JUnitXMLReporter -->
<testsuite ignored="0" hostname="DESKTOP-KE6NQ7O" failures="1" tests="1" name="ManageCategoryTest" time="3.441" errors="0" timestamp="2025-09-02T14:51:50 IST">
  <testcase classname="testscript.ManageCategoryTest" name="verifyTheUserIsAbleToClickManageCategoriesAndChangeAccordingly" time="1.562">
    <failure type="java.lang.NullPointerException" message="Cannot invoke &amp;quot;org.apache.poi.xssf.usermodel.XSSFSheet.getRow(int)&amp;quot; because &amp;quot;utilities.ExcelUtility.s&amp;quot; is null">
      <![CDATA[java.lang.NullPointerException: Cannot invoke "org.apache.poi.xssf.usermodel.XSSFSheet.getRow(int)" because "utilities.ExcelUtility.s" is null
at utilities.ExcelUtility.getStringData(ExcelUtility.java:23)
at testscript.ManageCategoryTest.verifyTheUserIsAbleToClickManageCategoriesAndChangeAccordingly(ManageCategoryTest.java:28)
at java.base/java.util.ArrayList.forEach(ArrayList.java:1511)
... Removed 27 stack frames]]>
    </failure>
  </testcase> <!-- verifyTheUserIsAbleToClickManageCategoriesAndChangeAccordingly -->
</testsuite> <!-- ManageCategoryTest -->
