<?xml version="1.0" encoding="UTF-8"?>
<!-- Generated by org.testng.reporters.JUnitXMLReporter -->
<testsuite ignored="3" hostname="DESKTOP-KE6NQ7O" failures="0" tests="1" name="Test" time="3.294" errors="0" timestamp="2025-09-02T14:51:37 IST">
  <testcase classname="testscript.LoginTestPage" name="verifyTheUserIsAbleToSigInWithCorrectUsernameAndCorrectPassword" time="0.863"/>
  <testcase classname="testscript.LoginTestPage" name="verifyTheUserIsAbleToSignInWithINcorrectPasswordandCorrectUsername" time="0.0">
    <ignored/>
  </testcase> <!-- verifyTheUserIsAbleToSignInWithINcorrectPasswordandCorrectUsername -->
  <testcase classname="testscript.LoginTestPage" name="verifyTheUserIsAbleToSIgnInWithIncorrectUsernameandCorrectPassword" time="0.0">
    <ignored/>
  </testcase> <!-- verifyTheUserIsAbleToSIgnInWithIncorrectUsernameandCorrectPassword -->
  <testcase classname="testscript.LoginTestPage" name="verifyTheUserIsAbleToSignInWithInCorrectUsernameandPassword" time="0.0">
    <ignored/>
  </testcase> <!-- verifyTheUserIsAbleToSignInWithInCorrectUsernameandPassword -->
</testsuite> <!-- Test -->
