<?xml version="1.0" encoding="UTF-8"?>
<!-- Generated by org.testng.reporters.JUnitXMLReporter -->
<testsuite ignored="0" hostname="DESKTOP-KE6NQ7O" failures="0" tests="1" name="edgetest" time="0.586" errors="0" timestamp="2025-08-27T11:45:48 IST">
  <testcase classname="testscript.AdminUserTest" name="verifyTheUserIsAbleToSignInWithCorrectUsernameandCorrectPasswordClickMoreinfoandLogout" time="0.0">
    <skipped/>
  </testcase> <!-- verifyTheUserIsAbleToSignInWithCorrectUsernameandCorrectPasswordClickMoreinfoandLogout -->
</testsuite> <!-- edgetest -->
